<?xml version='1.0' encoding='UTF-8'?>
<testsuite hostname="bert-VAIO" name="com.bee4bit.cd.service.ConnectTest" tests="1" errors="0" failures="0" time="0.5">
                     <properties>
[...]
</properties>
                     <testcase classname="com.bee4bit.cd.service.ConnectTest" name="Connect nodes" time="0.5">
                                                 
                                               </testcase>
                     <system-out></system-out>
                     <system-err></system-err>
                   </testsuite>